<?xml version="1.0" encoding="UTF-8"?>
<!-- Generated by org.testng.reporters.JUnitReportReporter -->
<testsuite hostname="DESKTOP-FAE3O6I" failures="0" tests="3" name="flipkarttest.Annotations" time="0.169" errors="0" timestamp="2022-09-27T21:13:49 IST" skipped="0">
  <testcase classname="flipkarttest.Annotations" name="TC03" time="0.003"/>
  <system-out/>
  <testcase classname="flipkarttest.Annotations" name="TC01" time="0.163"/>
  <system-out/>
  <testcase classname="flipkarttest.Annotations" name="TC02" time="0.003"/>
  <system-out/>
</testsuite> <!-- flipkarttest.Annotations -->
